c:\users\home\desktop\castlevania\castlevania\trunk\castlevania\release\vc120.pdb
c:\users\home\desktop\castlevania\castlevania\trunk\castlevania\release\gameobject.obj
c:\users\home\desktop\castlevania\castlevania\trunk\castlevania\release\game.obj
c:\users\home\desktop\castlevania\castlevania\trunk\castlevania\release\font.obj
c:\users\home\desktop\castlevania\castlevania\trunk\castlevania\release\firebomb.obj
c:\users\home\desktop\castlevania\castlevania\trunk\castlevania\release\fireball.obj
c:\users\home\desktop\castlevania\castlevania\trunk\castlevania\release\explosion.obj
c:\users\home\desktop\castlevania\castlevania\trunk\castlevania\release\enemymanager.obj
c:\users\home\desktop\castlevania\castlevania\trunk\castlevania\release\dragonskullcannon.obj
c:\users\home\desktop\castlevania\castlevania\trunk\castlevania\release\downup.obj
c:\users\home\desktop\castlevania\castlevania\trunk\castlevania\release\door.obj
c:\users\home\desktop\castlevania\castlevania\trunk\castlevania\release\dagger.obj
c:\users\home\desktop\castlevania\castlevania\trunk\castlevania\release\collisionmanager.obj
c:\users\home\desktop\castlevania\castlevania\trunk\castlevania\release\candle.obj
c:\users\home\desktop\castlevania\castlevania\trunk\castlevania\release\bulletmanager.obj
c:\users\home\desktop\castlevania\castlevania\trunk\castlevania\release\bullet.obj
c:\users\home\desktop\castlevania\castlevania\trunk\castlevania\release\boss2bullet.obj
c:\users\home\desktop\castlevania\castlevania\trunk\castlevania\release\boss2.obj
c:\users\home\desktop\castlevania\castlevania\trunk\castlevania\release\boomerang.obj
c:\users\home\desktop\castlevania\castlevania\trunk\castlevania\release\blackknight.obj
c:\users\home\desktop\castlevania\castlevania\trunk\castlevania\release\axe.obj
c:\users\home\desktop\castlevania\castlevania\trunk\castlevania\release\statemanagement.obj
c:\users\home\desktop\castlevania\castlevania\trunk\castlevania\release\stateload.obj
c:\users\home\desktop\castlevania\castlevania\trunk\castlevania\release\sprite.obj
c:\users\home\desktop\castlevania\castlevania\trunk\castlevania\release\sound.obj
c:\users\home\desktop\castlevania\castlevania\trunk\castlevania\release\simon.obj
c:\users\home\desktop\castlevania\castlevania\trunk\castlevania\release\recf.obj
c:\users\home\desktop\castlevania\castlevania\trunk\castlevania\release\quadtree.obj
c:\users\home\desktop\castlevania\castlevania\trunk\castlevania\release\psound.obj
c:\users\home\desktop\castlevania\castlevania\trunk\castlevania\release\medusa.obj
c:\users\home\desktop\castlevania\castlevania\trunk\castlevania\release\map.obj
c:\users\home\desktop\castlevania\castlevania\trunk\castlevania\release\mainmenu.obj
c:\users\home\desktop\castlevania\castlevania\trunk\castlevania\release\winmain.obj
c:\users\home\desktop\castlevania\castlevania\trunk\castlevania\release\statemap2_4.obj
c:\users\home\desktop\castlevania\castlevania\trunk\castlevania\release\statemap2_3.obj
c:\users\home\desktop\castlevania\castlevania\trunk\castlevania\release\statemap2_2.obj
c:\users\home\desktop\castlevania\castlevania\trunk\castlevania\release\que.obj
c:\users\home\desktop\castlevania\castlevania\trunk\castlevania\release\platform.obj
c:\users\home\desktop\castlevania\castlevania\trunk\castlevania\release\morningstar.obj
c:\users\home\desktop\castlevania\castlevania\trunk\castlevania\release\keyboard.obj
c:\users\home\desktop\castlevania\castlevania\trunk\castlevania\release\ghost.obj
c:\users\home\desktop\castlevania\castlevania\trunk\castlevania\release\weaponmanager.obj
c:\users\home\desktop\castlevania\castlevania\trunk\castlevania\release\weapon.obj
c:\users\home\desktop\castlevania\castlevania\trunk\castlevania\release\vampirebat.obj
c:\users\home\desktop\castlevania\castlevania\trunk\castlevania\release\utils.obj
c:\users\home\desktop\castlevania\castlevania\trunk\castlevania\release\trace.obj
c:\users\home\desktop\castlevania\castlevania\trunk\castlevania\release\tmxparser.obj
c:\users\home\desktop\castlevania\castlevania\trunk\castlevania\release\statemap2_1.obj
c:\users\home\desktop\castlevania\castlevania\trunk\release\castlevania.exe
c:\users\home\desktop\castlevania\castlevania\trunk\release\castlevania.pdb
c:\users\home\desktop\castlevania\castlevania\trunk\castlevania\release\castlevania.tlog\cl.command.1.tlog
c:\users\home\desktop\castlevania\castlevania\trunk\castlevania\release\castlevania.tlog\cl.read.1.tlog
c:\users\home\desktop\castlevania\castlevania\trunk\castlevania\release\castlevania.tlog\cl.write.1.tlog
c:\users\home\desktop\castlevania\castlevania\trunk\castlevania\release\castlevania.tlog\link.command.1.tlog
c:\users\home\desktop\castlevania\castlevania\trunk\castlevania\release\castlevania.tlog\link.read.1.tlog
c:\users\home\desktop\castlevania\castlevania\trunk\castlevania\release\castlevania.tlog\link.write.1.tlog
